<?xml version="1.0" encoding="UTF-8"?>
<!-- Generated by org.testng.reporters.JUnitReportReporter -->
<testsuite hostname="AymanHussein" failures="0" tests="1" name="test.CartTest" time="35.938" errors="0" timestamp="2025-10-01T21:50:40 CDT" skipped="0">
  <testcase classname="test.CartTest" name="CustomerShouldgotoCartPage" time="35.938"/>
</testsuite> <!-- test.CartTest -->
